2013-12-04 21:57:52 Debug: image/jpeg can not be transformed
2013-12-04 21:58:09 Debug: image/jpeg can not be transformed
2013-12-04 22:00:45 Debug: image/jpeg can not be transformed
2013-12-05 13:35:45 Debug: Invalid RGB fill color
2013-12-05 13:35:58 Debug: Invalid RGB fill color
2013-12-05 13:36:29 Debug: Invalid RGB fill color
2013-12-05 13:40:11 Debug: Invalid RGB fill color
2013-12-05 13:57:32 Debug: Invalid width and height for crop
2013-12-05 15:06:52 Debug: No file detected in input stream
2013-12-05 15:06:52 Debug: No file detected in input stream
2013-12-05 15:08:27 Debug: No file detected in input stream
2013-12-05 15:08:27 Debug: No file detected in input stream
2013-12-05 16:19:22 Debug: No file detected in input stream
2013-12-05 16:19:22 Debug: No file detected in input stream
2013-12-05 16:22:47 Debug: No file detected in input stream
2013-12-05 16:22:47 Debug: No file detected in input stream
2013-12-05 16:24:04 Debug: No file detected in input stream
2013-12-05 16:24:04 Debug: No file detected in input stream
2013-12-05 16:26:56 Debug: No file detected in input stream
2013-12-05 16:26:56 Debug: No file detected in input stream
2013-12-05 16:37:01 Debug: No file detected in input stream
2013-12-05 16:37:01 Debug: No file detected in input stream
2013-12-05 16:38:10 Debug: No file detected in input stream
2013-12-05 16:38:10 Debug: No file detected in input stream
2013-12-05 16:38:16 Debug: No file detected in input stream
2013-12-05 16:38:16 Debug: No file detected in input stream
2013-12-05 16:38:20 Debug: No file detected in input stream
2013-12-05 16:38:20 Debug: No file detected in input stream
2013-12-05 16:38:24 Debug: No file detected in input stream
2013-12-05 16:38:24 Debug: No file detected in input stream
2013-12-05 16:38:35 Debug: No file detected in input stream
2013-12-05 16:38:35 Debug: No file detected in input stream
2013-12-05 16:52:55 Debug: No file detected in input stream
2013-12-05 16:52:55 Debug: No file detected in input stream
2013-12-05 16:53:28 Debug: No file detected in input stream
2013-12-05 16:54:30 Debug: No file detected in input stream
2013-12-05 16:54:30 Debug: No file detected in input stream
2013-12-05 16:54:47 Debug: No file detected in input stream
2013-12-05 16:54:47 Debug: No file detected in input stream
2013-12-05 16:55:54 Debug: No file detected in input stream
2013-12-05 16:55:54 Debug: No file detected in input stream
2013-12-05 16:59:09 Debug: No file detected in input stream
2013-12-05 16:59:09 Debug: No file detected in input stream
2013-12-05 16:59:35 Debug: No file detected in input stream
2013-12-05 16:59:35 Debug: No file detected in input stream
2013-12-05 17:51:44 Debug: image/jpeg can not be transformed
2013-12-09 05:06:29 Debug: 
From: asdasd <bdogan85@gmail.com>
To: bdogan85@gmail.com
X-Mailer: CakePHP Email
Date: Mon, 09 Dec 2013 05:06:29 +0200
Message-ID: <52a533b5ca44478499cdfc48cbdd56cb@dhi.com.tr>
Subject: asdasda
MIME-Version: 1.0
Content-Type: text/plain; charset=UTF-8
Content-Transfer-Encoding: 8bit
sdfsdf


2013-12-09 05:06:30 Debug: 
From: asdasd <bdogan85@gmail.com>
To: bdogan85@gmail.com
X-Mailer: CakePHP Email
Date: Mon, 09 Dec 2013 05:06:30 +0200
Message-ID: <52a533b6bc044331bab3fc48cbdd56cb@dhi.com.tr>
Subject: asdasda
MIME-Version: 1.0
Content-Type: text/plain; charset=UTF-8
Content-Transfer-Encoding: 8bit
sdfsdf


2013-12-09 05:10:28 Debug: 
From: asdfasdf <emre@sentezyum.com>
To: bdogan85@gmail.com
X-Mailer: CakePHP Email
Date: Mon, 09 Dec 2013 05:10:28 +0200
Message-ID: <52a534a499f8478d92bffc48cbdd56cb@dhi.com.tr>
Subject: sdfsdf
MIME-Version: 1.0
Content-Type: text/plain; charset=UTF-8
Content-Transfer-Encoding: 8bit
sdfsdf


2013-12-09 05:12:36 Debug: 
From: asdasd <bdogan85@gmail.com>
To: bdogan85@gmail.com
X-Mailer: CakePHP Email
Date: Mon, 09 Dec 2013 05:12:36 +0200
Message-ID: <52a53524441c41f59020fc48cbdd56cb@dhi.com.tr>
Subject: asdasda
MIME-Version: 1.0
Content-Type: text/plain; charset=UTF-8
Content-Transfer-Encoding: 8bit
asd


2013-12-09 05:14:17 Debug: 
From: asdasd <bdogan85@gmail.com>
To: bdogan85@gmail.com
X-Mailer: CakePHP Email
Date: Mon, 09 Dec 2013 05:14:17 +0200
Message-ID: <52a53589ea04446a9edbfc48cbdd56cb@dhi.com.tr>
Subject: asdasda
MIME-Version: 1.0
Content-Type: text/plain; charset=UTF-8
Content-Transfer-Encoding: 8bit
asda


2013-12-09 05:15:35 Debug: 
From: asda <abdogan85@gmail.com>
To: bdogan85@gmail.com
X-Mailer: CakePHP Email
Date: Mon, 09 Dec 2013 05:15:35 +0200
Message-ID: <52a535d73df84a3ca726fc48cbdd56cb@dhi.com.tr>
Subject: asda
MIME-Version: 1.0
Content-Type: text/plain; charset=UTF-8
Content-Transfer-Encoding: 8bit
sd


2013-12-09 05:19:31 Debug: 
From: Burak =?UTF-8?B?RG/En2Fu?= <bdogan85@gmail.com>
To: bdogan85@gmail.com
X-Mailer: CakePHP Email
Date: Mon, 09 Dec 2013 05:19:31 +0200
Message-ID: <52a536c3f9a04da58975fc48cbdd56cb@dhi.com.tr>
Subject: asdads
MIME-Version: 1.0
Content-Type: text/plain; charset=UTF-8
Content-Transfer-Encoding: 8bit
Telefon Numarası : 234234
asda


