2013-12-04 19:49:28 Error: Fatal Error (4): syntax error, unexpected '.', expecting ')' in [E:\Wamp\www\dhi\www\db\index-app\Model\Post.php, line 13]
2013-12-04 19:49:28 Error: [FatalErrorException] syntax error, unexpected '.', expecting ')'
Request URL: /dhi/www/www/admin/posts/edit/19
Stack Trace:
#0 E:\Wamp\www\dhi\www\db\lib\Cake\Error\ErrorHandler.php(203): ErrorHandler::handleFatalError(4, 'syntax error, u...', 'E:\Wamp\www\dhi...', 13)
#1 [internal function]: ErrorHandler::handleError(4, 'syntax error, u...', 'E:\Wamp\www\dhi...', 13, Array)
#2 E:\Wamp\www\dhi\www\db\lib\Cake\Core\App.php(929): call_user_func('ErrorHandler::h...', 4, 'syntax error, u...', 'E:\Wamp\www\dhi...', 13, Array)
#3 E:\Wamp\www\dhi\www\db\lib\Cake\Core\App.php(902): App::_checkFatalError()
#4 [internal function]: App::shutdown()
#5 {main}
2013-12-04 19:49:28 Error: [MissingControllerException] Controller class Controller could not be found.
Exception Attributes: array (
  'class' => 'Controller',
  'plugin' => NULL,
)
Request URL: /dhi/www/www/img/closelabel.gif
Stack Trace:
#0 E:\Wamp\www\dhi\www\www\index.php(111): Dispatcher->dispatch(Object(CakeRequest), Object(CakeResponse))
#1 {main}
2013-12-04 19:49:53 Error: Fatal Error (4): syntax error, unexpected T_CONSTANT_ENCAPSED_STRING, expecting ')' in [E:\Wamp\www\dhi\www\db\index-app\Model\Post.php, line 20]
2013-12-04 19:49:53 Error: [FatalErrorException] syntax error, unexpected T_CONSTANT_ENCAPSED_STRING, expecting ')'
Request URL: /dhi/www/www/admin/posts/edit/19
Stack Trace:
#0 E:\Wamp\www\dhi\www\db\lib\Cake\Error\ErrorHandler.php(203): ErrorHandler::handleFatalError(4, 'syntax error, u...', 'E:\Wamp\www\dhi...', 20)
#1 [internal function]: ErrorHandler::handleError(4, 'syntax error, u...', 'E:\Wamp\www\dhi...', 20, Array)
#2 E:\Wamp\www\dhi\www\db\lib\Cake\Core\App.php(929): call_user_func('ErrorHandler::h...', 4, 'syntax error, u...', 'E:\Wamp\www\dhi...', 20, Array)
#3 E:\Wamp\www\dhi\www\db\lib\Cake\Core\App.php(902): App::_checkFatalError()
#4 [internal function]: App::shutdown()
#5 {main}
2013-12-04 19:49:53 Error: [MissingControllerException] Controller class Controller could not be found.
Exception Attributes: array (
  'class' => 'Controller',
  'plugin' => NULL,
)
Request URL: /dhi/www/www/img/closelabel.gif
Stack Trace:
#0 E:\Wamp\www\dhi\www\www\index.php(111): Dispatcher->dispatch(Object(CakeRequest), Object(CakeResponse))
#1 {main}
2013-12-04 19:50:10 Error: [MissingControllerException] Controller class Controller could not be found.
Exception Attributes: array (
  'class' => 'Controller',
  'plugin' => NULL,
)
Request URL: /dhi/www/www/img/closelabel.gif
Stack Trace:
#0 E:\Wamp\www\dhi\www\www\index.php(111): Dispatcher->dispatch(Object(CakeRequest), Object(CakeResponse))
#1 {main}
2013-12-04 19:50:10 Error: [MissingControllerException] Controller class Controller could not be found.
Exception Attributes: array (
  'class' => 'Controller',
  'plugin' => NULL,
)
Request URL: /dhi/www/www//img/upload.gif
Stack Trace:
#0 E:\Wamp\www\dhi\www\www\index.php(111): Dispatcher->dispatch(Object(CakeRequest), Object(CakeResponse))
#1 {main}
2013-12-04 21:50:54 Error: [MissingControllerException] Controller class Controller could not be found.
Exception Attributes: array (
  'class' => 'Controller',
  'plugin' => NULL,
)
Request URL: /dhi/www/www/img/closelabel.gif
Stack Trace:
#0 E:\Wamp\www\dhi\www\www\index.php(111): Dispatcher->dispatch(Object(CakeRequest), Object(CakeResponse))
#1 {main}
2013-12-04 21:50:54 Error: [MissingControllerException] Controller class Controller could not be found.
Exception Attributes: array (
  'class' => 'Controller',
  'plugin' => NULL,
)
Request URL: /dhi/www/www//img/upload.gif
Stack Trace:
#0 E:\Wamp\www\dhi\www\www\index.php(111): Dispatcher->dispatch(Object(CakeRequest), Object(CakeResponse))
#1 {main}
2013-12-04 21:50:55 Error: [MissingControllerException] Controller class Controller could not be found.
Exception Attributes: array (
  'class' => 'Controller',
  'plugin' => NULL,
)
Request URL: /dhi/www/www/img/closelabel.gif
Stack Trace:
#0 E:\Wamp\www\dhi\www\www\index.php(111): Dispatcher->dispatch(Object(CakeRequest), Object(CakeResponse))
#1 {main}
2013-12-04 21:50:55 Error: [MissingControllerException] Controller class Controller could not be found.
Exception Attributes: array (
  'class' => 'Controller',
  'plugin' => NULL,
)
Request URL: /dhi/www/www//img/upload.gif
Stack Trace:
#0 E:\Wamp\www\dhi\www\www\index.php(111): Dispatcher->dispatch(Object(CakeRequest), Object(CakeResponse))
#1 {main}
2013-12-04 21:51:01 Error: [InvalidArgumentException] Invalid transformation method 
Request URL: /dhi/www/www/admin/posts/edit/19
Stack Trace:
#0 E:\Wamp\www\dhi\www\db\index-app\Plugin\Uploader\Model\Behavior\AttachmentBehavior.php(466): AttachmentBehavior->_getTransformer(Array)
#1 E:\Wamp\www\dhi\www\db\index-app\Plugin\Uploader\Model\Behavior\AttachmentBehavior.php(231): AttachmentBehavior->_addTransformers(Object(Post), Object(Transit\Transit), Array)
#2 [internal function]: AttachmentBehavior->beforeSave(Object(Post), Array)
#3 E:\Wamp\www\dhi\www\db\lib\Cake\Utility\ObjectCollection.php(132): call_user_func_array(Array, Array)
#4 [internal function]: ObjectCollection->trigger(Object(CakeEvent))
#5 E:\Wamp\www\dhi\www\db\lib\Cake\Event\CakeEventManager.php(247): call_user_func(Array, Object(CakeEvent))
#6 E:\Wamp\www\dhi\www\db\lib\Cake\Model\Model.php(1771): CakeEventManager->dispatch(Object(CakeEvent))
#7 E:\Wamp\www\dhi\www\db\index-app\Plugin\Admin\Controller\PostsController.php(47): Model->save(Array)
#8 [internal function]: PostsController->edit('19')
#9 E:\Wamp\www\dhi\www\db\lib\Cake\Controller\Controller.php(490): ReflectionMethod->invokeArgs(Object(PostsController), Array)
#10 E:\Wamp\www\dhi\www\db\lib\Cake\Routing\Dispatcher.php(185): Controller->invokeAction(Object(CakeRequest))
#11 E:\Wamp\www\dhi\www\db\lib\Cake\Routing\Dispatcher.php(160): Dispatcher->_invoke(Object(PostsController), Object(CakeRequest), Object(CakeResponse))
#12 E:\Wamp\www\dhi\www\www\index.php(111): Dispatcher->dispatch(Object(CakeRequest), Object(CakeResponse))
#13 {main}
2013-12-04 21:51:01 Error: [MissingControllerException] Controller class Controller could not be found.
Exception Attributes: array (
  'class' => 'Controller',
  'plugin' => NULL,
)
Request URL: /dhi/www/www/img/closelabel.gif
Stack Trace:
#0 E:\Wamp\www\dhi\www\www\index.php(111): Dispatcher->dispatch(Object(CakeRequest), Object(CakeResponse))
#1 {main}
2013-12-04 21:57:26 Error: Fatal Error (1): Call to undefined function Transit\finfo_open() in [E:\Wamp\www\dhi\www\db\index-app\Vendor\mjohnson\transit\src\Transit\File.php, line 498]
2013-12-04 21:57:26 Error: [FatalErrorException] Call to undefined function Transit\finfo_open()
Request URL: /dhi/www/www/admin/posts/edit/19
Stack Trace:
#0 E:\Wamp\www\dhi\www\db\lib\Cake\Error\ErrorHandler.php(203): ErrorHandler::handleFatalError(1, 'Call to undefin...', 'E:\Wamp\www\dhi...', 498)
#1 [internal function]: ErrorHandler::handleError(1, 'Call to undefin...', 'E:\Wamp\www\dhi...', 498, Array)
#2 E:\Wamp\www\dhi\www\db\lib\Cake\Core\App.php(929): call_user_func('ErrorHandler::h...', 1, 'Call to undefin...', 'E:\Wamp\www\dhi...', 498, Array)
#3 E:\Wamp\www\dhi\www\db\lib\Cake\Core\App.php(902): App::_checkFatalError()
#4 [internal function]: App::shutdown()
#5 {main}
2013-12-04 21:57:26 Error: [MissingControllerException] Controller class Controller could not be found.
Exception Attributes: array (
  'class' => 'Controller',
  'plugin' => NULL,
)
Request URL: /dhi/www/www/img/closelabel.gif
Stack Trace:
#0 E:\Wamp\www\dhi\www\www\index.php(111): Dispatcher->dispatch(Object(CakeRequest), Object(CakeResponse))
#1 {main}
2013-12-04 21:57:52 Error: [MissingControllerException] Controller class Controller could not be found.
Exception Attributes: array (
  'class' => 'Controller',
  'plugin' => NULL,
)
Request URL: /dhi/www/www/img/closelabel.gif
Stack Trace:
#0 E:\Wamp\www\dhi\www\www\index.php(111): Dispatcher->dispatch(Object(CakeRequest), Object(CakeResponse))
#1 {main}
2013-12-04 21:57:52 Error: [MissingControllerException] Controller class Controller could not be found.
Exception Attributes: array (
  'class' => 'Controller',
  'plugin' => NULL,
)
Request URL: /dhi/www/www//img/upload.gif
Stack Trace:
#0 E:\Wamp\www\dhi\www\www\index.php(111): Dispatcher->dispatch(Object(CakeRequest), Object(CakeResponse))
#1 {main}
2013-12-04 21:58:04 Error: [MissingControllerException] Controller class Controller could not be found.
Exception Attributes: array (
  'class' => 'Controller',
  'plugin' => NULL,
)
Request URL: /dhi/www/www/img/closelabel.gif
Stack Trace:
#0 E:\Wamp\www\dhi\www\www\index.php(111): Dispatcher->dispatch(Object(CakeRequest), Object(CakeResponse))
#1 {main}
2013-12-04 21:58:04 Error: [MissingControllerException] Controller class Controller could not be found.
Exception Attributes: array (
  'class' => 'Controller',
  'plugin' => NULL,
)
Request URL: /dhi/www/www//img/upload.gif
Stack Trace:
#0 E:\Wamp\www\dhi\www\www\index.php(111): Dispatcher->dispatch(Object(CakeRequest), Object(CakeResponse))
#1 {main}
2013-12-04 21:58:09 Error: [MissingControllerException] Controller class Controller could not be found.
Exception Attributes: array (
  'class' => 'Controller',
  'plugin' => NULL,
)
Request URL: /dhi/www/www//img/upload.gif
Stack Trace:
#0 E:\Wamp\www\dhi\www\www\index.php(111): Dispatcher->dispatch(Object(CakeRequest), Object(CakeResponse))
#1 {main}
2013-12-04 21:58:09 Error: [MissingControllerException] Controller class Controller could not be found.
Exception Attributes: array (
  'class' => 'Controller',
  'plugin' => NULL,
)
Request URL: /dhi/www/www/img/closelabel.gif
Stack Trace:
#0 E:\Wamp\www\dhi\www\www\index.php(111): Dispatcher->dispatch(Object(CakeRequest), Object(CakeResponse))
#1 {main}
2013-12-04 22:00:45 Error: [MissingControllerException] Controller class Controller could not be found.
Exception Attributes: array (
  'class' => 'Controller',
  'plugin' => NULL,
)
Request URL: /dhi/www/www/img/closelabel.gif
Stack Trace:
#0 E:\Wamp\www\dhi\www\www\index.php(111): Dispatcher->dispatch(Object(CakeRequest), Object(CakeResponse))
#1 {main}
2013-12-04 22:00:45 Error: [MissingControllerException] Controller class Controller could not be found.
Exception Attributes: array (
  'class' => 'Controller',
  'plugin' => NULL,
)
Request URL: /dhi/www/www//img/upload.gif
Stack Trace:
#0 E:\Wamp\www\dhi\www\www\index.php(111): Dispatcher->dispatch(Object(CakeRequest), Object(CakeResponse))
#1 {main}
2013-12-04 22:01:09 Error: [MissingControllerException] Controller class Controller could not be found.
Exception Attributes: array (
  'class' => 'Controller',
  'plugin' => NULL,
)
Request URL: /dhi/www/www/img/closelabel.gif
Stack Trace:
#0 E:\Wamp\www\dhi\www\www\index.php(111): Dispatcher->dispatch(Object(CakeRequest), Object(CakeResponse))
#1 {main}
2013-12-04 22:01:09 Error: [MissingControllerException] Controller class Controller could not be found.
Exception Attributes: array (
  'class' => 'Controller',
  'plugin' => NULL,
)
Request URL: /dhi/www/www//img/upload.gif
Stack Trace:
#0 E:\Wamp\www\dhi\www\www\index.php(111): Dispatcher->dispatch(Object(CakeRequest), Object(CakeResponse))
#1 {main}
2013-12-04 22:02:02 Error: [MissingControllerException] Controller class Controller could not be found.
Exception Attributes: array (
  'class' => 'Controller',
  'plugin' => NULL,
)
Request URL: /dhi/www/www/img/closelabel.gif
Stack Trace:
#0 E:\Wamp\www\dhi\www\www\index.php(111): Dispatcher->dispatch(Object(CakeRequest), Object(CakeResponse))
#1 {main}
2013-12-04 22:02:15 Error: [MissingControllerException] Controller class Controller could not be found.
Exception Attributes: array (
  'class' => 'Controller',
  'plugin' => NULL,
)
Request URL: /dhi/www/www/img/closelabel.gif
Stack Trace:
#0 E:\Wamp\www\dhi\www\www\index.php(111): Dispatcher->dispatch(Object(CakeRequest), Object(CakeResponse))
#1 {main}
2013-12-04 22:03:13 Error: [MissingControllerException] Controller class Controller could not be found.
Exception Attributes: array (
  'class' => 'Controller',
  'plugin' => NULL,
)
Request URL: /dhi/www/www/img/closelabel.gif
Stack Trace:
#0 E:\Wamp\www\dhi\www\www\index.php(111): Dispatcher->dispatch(Object(CakeRequest), Object(CakeResponse))
#1 {main}
2013-12-04 22:03:19 Error: [MissingControllerException] Controller class Controller could not be found.
Exception Attributes: array (
  'class' => 'Controller',
  'plugin' => NULL,
)
Request URL: /dhi/www/www/img/closelabel.gif
Stack Trace:
#0 E:\Wamp\www\dhi\www\www\index.php(111): Dispatcher->dispatch(Object(CakeRequest), Object(CakeResponse))
#1 {main}
2013-12-04 22:08:45 Error: [MissingControllerException] Controller class Controller could not be found.
Exception Attributes: array (
  'class' => 'Controller',
  'plugin' => NULL,
)
Request URL: /dhi/www/www/img/closelabel.gif
Stack Trace:
#0 E:\Wamp\www\dhi\www\www\index.php(111): Dispatcher->dispatch(Object(CakeRequest), Object(CakeResponse))
#1 {main}
2013-12-04 22:09:00 Error: [MissingControllerException] Controller class Controller could not be found.
Exception Attributes: array (
  'class' => 'Controller',
  'plugin' => NULL,
)
Request URL: /dhi/www/www/img/closelabel.gif
Stack Trace:
#0 E:\Wamp\www\dhi\www\www\index.php(111): Dispatcher->dispatch(Object(CakeRequest), Object(CakeResponse))
#1 {main}
2013-12-04 22:12:31 Error: Fatal Error (4): syntax error, unexpected T_CONSTANT_ENCAPSED_STRING, expecting ')' in [E:\Wamp\www\dhi\www\db\index-app\Model\Post.php, line 17]
2013-12-04 22:12:31 Error: [FatalErrorException] syntax error, unexpected T_CONSTANT_ENCAPSED_STRING, expecting ')'
Request URL: /dhi/www/www/admin/posts/edit/20
Stack Trace:
#0 E:\Wamp\www\dhi\www\db\lib\Cake\Error\ErrorHandler.php(203): ErrorHandler::handleFatalError(4, 'syntax error, u...', 'E:\Wamp\www\dhi...', 17)
#1 [internal function]: ErrorHandler::handleError(4, 'syntax error, u...', 'E:\Wamp\www\dhi...', 17, Array)
#2 E:\Wamp\www\dhi\www\db\lib\Cake\Core\App.php(929): call_user_func('ErrorHandler::h...', 4, 'syntax error, u...', 'E:\Wamp\www\dhi...', 17, Array)
#3 E:\Wamp\www\dhi\www\db\lib\Cake\Core\App.php(902): App::_checkFatalError()
#4 [internal function]: App::shutdown()
#5 {main}
2013-12-04 22:12:31 Error: [MissingControllerException] Controller class Controller could not be found.
Exception Attributes: array (
  'class' => 'Controller',
  'plugin' => NULL,
)
Request URL: /dhi/www/www/img/closelabel.gif
Stack Trace:
#0 E:\Wamp\www\dhi\www\www\index.php(114): Dispatcher->dispatch(Object(CakeRequest), Object(CakeResponse))
#1 {main}
2013-12-04 22:12:40 Error: [MissingControllerException] Controller class Controller could not be found.
Exception Attributes: array (
  'class' => 'Controller',
  'plugin' => NULL,
)
Request URL: /dhi/www/www/img/closelabel.gif
Stack Trace:
#0 E:\Wamp\www\dhi\www\www\index.php(114): Dispatcher->dispatch(Object(CakeRequest), Object(CakeResponse))
#1 {main}
2013-12-04 22:12:41 Error: [MissingControllerException] Controller class Controller could not be found.
Exception Attributes: array (
  'class' => 'Controller',
  'plugin' => NULL,
)
Request URL: /dhi/www/www/img/closelabel.gif
Stack Trace:
#0 E:\Wamp\www\dhi\www\www\index.php(114): Dispatcher->dispatch(Object(CakeRequest), Object(CakeResponse))
#1 {main}
2013-12-04 22:12:45 Error: [MissingControllerException] Controller class Controller could not be found.
Exception Attributes: array (
  'class' => 'Controller',
  'plugin' => NULL,
)
Request URL: /dhi/www/www/img/closelabel.gif
Stack Trace:
#0 E:\Wamp\www\dhi\www\www\index.php(114): Dispatcher->dispatch(Object(CakeRequest), Object(CakeResponse))
#1 {main}
2013-12-04 22:13:01 Error: [MissingControllerException] Controller class Controller could not be found.
Exception Attributes: array (
  'class' => 'Controller',
  'plugin' => NULL,
)
Request URL: /dhi/www/www/img/closelabel.gif
Stack Trace:
#0 E:\Wamp\www\dhi\www\www\index.php(114): Dispatcher->dispatch(Object(CakeRequest), Object(CakeResponse))
#1 {main}
2013-12-04 22:13:06 Error: [MissingControllerException] Controller class Controller could not be found.
Exception Attributes: array (
  'class' => 'Controller',
  'plugin' => NULL,
)
Request URL: /dhi/www/www/img/closelabel.gif
Stack Trace:
#0 E:\Wamp\www\dhi\www\www\index.php(114): Dispatcher->dispatch(Object(CakeRequest), Object(CakeResponse))
#1 {main}
2013-12-04 22:13:09 Error: [MissingControllerException] Controller class Controller could not be found.
Exception Attributes: array (
  'class' => 'Controller',
  'plugin' => NULL,
)
Request URL: /dhi/www/www/img/closelabel.gif
Stack Trace:
#0 E:\Wamp\www\dhi\www\www\index.php(114): Dispatcher->dispatch(Object(CakeRequest), Object(CakeResponse))
#1 {main}
2013-12-04 22:13:15 Error: [MissingControllerException] Controller class Controller could not be found.
Exception Attributes: array (
  'class' => 'Controller',
  'plugin' => NULL,
)
Request URL: /dhi/www/www/img/closelabel.gif
Stack Trace:
#0 E:\Wamp\www\dhi\www\www\index.php(114): Dispatcher->dispatch(Object(CakeRequest), Object(CakeResponse))
#1 {main}
2013-12-04 22:13:30 Error: [MissingControllerException] Controller class Controller could not be found.
Exception Attributes: array (
  'class' => 'Controller',
  'plugin' => NULL,
)
Request URL: /dhi/www/www/img/closelabel.gif
Stack Trace:
#0 E:\Wamp\www\dhi\www\www\index.php(114): Dispatcher->dispatch(Object(CakeRequest), Object(CakeResponse))
#1 {main}
2013-12-04 22:13:33 Error: [MissingControllerException] Controller class Controller could not be found.
Exception Attributes: array (
  'class' => 'Controller',
  'plugin' => NULL,
)
Request URL: /dhi/www/www/img/closelabel.gif
Stack Trace:
#0 E:\Wamp\www\dhi\www\www\index.php(114): Dispatcher->dispatch(Object(CakeRequest), Object(CakeResponse))
#1 {main}
2013-12-04 22:13:50 Error: [MissingControllerException] Controller class Controller could not be found.
Exception Attributes: array (
  'class' => 'Controller',
  'plugin' => NULL,
)
Request URL: /dhi/www/www/img/closelabel.gif
Stack Trace:
#0 E:\Wamp\www\dhi\www\www\index.php(114): Dispatcher->dispatch(Object(CakeRequest), Object(CakeResponse))
#1 {main}
2013-12-04 22:13:52 Error: [MissingControllerException] Controller class Controller could not be found.
Exception Attributes: array (
  'class' => 'Controller',
  'plugin' => NULL,
)
Request URL: /dhi/www/www/img/closelabel.gif
Stack Trace:
#0 E:\Wamp\www\dhi\www\www\index.php(114): Dispatcher->dispatch(Object(CakeRequest), Object(CakeResponse))
#1 {main}
2013-12-04 22:16:07 Error: [MissingControllerException] Controller class Controller could not be found.
Exception Attributes: array (
  'class' => 'Controller',
  'plugin' => NULL,
)
Request URL: /dhi/www/www/img/closelabel.gif
Stack Trace:
#0 E:\Wamp\www\dhi\www\www\index.php(114): Dispatcher->dispatch(Object(CakeRequest), Object(CakeResponse))
#1 {main}
2013-12-04 22:16:09 Error: [MissingControllerException] Controller class Controller could not be found.
Exception Attributes: array (
  'class' => 'Controller',
  'plugin' => NULL,
)
Request URL: /dhi/www/www/img/closelabel.gif
Stack Trace:
#0 E:\Wamp\www\dhi\www\www\index.php(114): Dispatcher->dispatch(Object(CakeRequest), Object(CakeResponse))
#1 {main}
2013-12-04 22:16:13 Error: [MissingControllerException] Controller class Controller could not be found.
Exception Attributes: array (
  'class' => 'Controller',
  'plugin' => NULL,
)
Request URL: /dhi/www/www/img/closelabel.gif
Stack Trace:
#0 E:\Wamp\www\dhi\www\www\index.php(114): Dispatcher->dispatch(Object(CakeRequest), Object(CakeResponse))
#1 {main}
2013-12-04 22:17:39 Error: [MissingControllerException] Controller class Controller could not be found.
Exception Attributes: array (
  'class' => 'Controller',
  'plugin' => NULL,
)
Request URL: /dhi/www/www/img/closelabel.gif
Stack Trace:
#0 E:\Wamp\www\dhi\www\www\index.php(114): Dispatcher->dispatch(Object(CakeRequest), Object(CakeResponse))
#1 {main}
2013-12-04 22:18:35 Error: [MissingControllerException] Controller class Controller could not be found.
Exception Attributes: array (
  'class' => 'Controller',
  'plugin' => NULL,
)
Request URL: /dhi/www/www/img/closelabel.gif
Stack Trace:
#0 E:\Wamp\www\dhi\www\www\index.php(114): Dispatcher->dispatch(Object(CakeRequest), Object(CakeResponse))
#1 {main}
2013-12-04 22:18:51 Error: [MissingControllerException] Controller class Controller could not be found.
Exception Attributes: array (
  'class' => 'Controller',
  'plugin' => NULL,
)
Request URL: /dhi/www/www/img/closelabel.gif
Stack Trace:
#0 E:\Wamp\www\dhi\www\www\index.php(114): Dispatcher->dispatch(Object(CakeRequest), Object(CakeResponse))
#1 {main}
2013-12-04 22:20:26 Error: [MissingControllerException] Controller class Controller could not be found.
Exception Attributes: array (
  'class' => 'Controller',
  'plugin' => NULL,
)
Request URL: /dhi/www/www/img/closelabel.gif
Stack Trace:
#0 E:\Wamp\www\dhi\www\www\index.php(114): Dispatcher->dispatch(Object(CakeRequest), Object(CakeResponse))
#1 {main}
2013-12-04 22:20:29 Error: [MissingControllerException] Controller class Controller could not be found.
Exception Attributes: array (
  'class' => 'Controller',
  'plugin' => NULL,
)
Request URL: /dhi/www/www/img/closelabel.gif
Stack Trace:
#0 E:\Wamp\www\dhi\www\www\index.php(114): Dispatcher->dispatch(Object(CakeRequest), Object(CakeResponse))
#1 {main}
2013-12-04 22:20:33 Error: [MissingControllerException] Controller class Controller could not be found.
Exception Attributes: array (
  'class' => 'Controller',
  'plugin' => NULL,
)
Request URL: /dhi/www/www/img/closelabel.gif
Stack Trace:
#0 E:\Wamp\www\dhi\www\www\index.php(114): Dispatcher->dispatch(Object(CakeRequest), Object(CakeResponse))
#1 {main}
2013-12-04 22:25:36 Error: [MissingControllerException] Controller class Controller could not be found.
Exception Attributes: array (
  'class' => 'Controller',
  'plugin' => NULL,
)
Request URL: /dhi/www/www/img/closelabel.gif
Stack Trace:
#0 E:\Wamp\www\dhi\www\www\index.php(114): Dispatcher->dispatch(Object(CakeRequest), Object(CakeResponse))
#1 {main}
2013-12-04 22:26:58 Error: [MissingControllerException] Controller class Controller could not be found.
Exception Attributes: array (
  'class' => 'Controller',
  'plugin' => NULL,
)
Request URL: /dhi/www/www/img/closelabel.gif
Stack Trace:
#0 E:\Wamp\www\dhi\www\www\index.php(114): Dispatcher->dispatch(Object(CakeRequest), Object(CakeResponse))
#1 {main}
2013-12-04 22:27:02 Error: [MissingControllerException] Controller class Controller could not be found.
Exception Attributes: array (
  'class' => 'Controller',
  'plugin' => NULL,
)
Request URL: /dhi/www/www/img/closelabel.gif
Stack Trace:
#0 E:\Wamp\www\dhi\www\www\index.php(114): Dispatcher->dispatch(Object(CakeRequest), Object(CakeResponse))
#1 {main}
2013-12-04 22:30:46 Error: [MissingControllerException] Controller class Controller could not be found.
Exception Attributes: array (
  'class' => 'Controller',
  'plugin' => NULL,
)
Request URL: /dhi/www/www/img/closelabel.gif
Stack Trace:
#0 E:\Wamp\www\dhi\www\www\index.php(114): Dispatcher->dispatch(Object(CakeRequest), Object(CakeResponse))
#1 {main}
2013-12-04 22:30:48 Error: [MissingControllerException] Controller class Controller could not be found.
Exception Attributes: array (
  'class' => 'Controller',
  'plugin' => NULL,
)
Request URL: /dhi/www/www/img/closelabel.gif
Stack Trace:
#0 E:\Wamp\www\dhi\www\www\index.php(114): Dispatcher->dispatch(Object(CakeRequest), Object(CakeResponse))
#1 {main}
2013-12-04 22:30:52 Error: [MissingControllerException] Controller class Controller could not be found.
Exception Attributes: array (
  'class' => 'Controller',
  'plugin' => NULL,
)
Request URL: /dhi/www/www/img/closelabel.gif
Stack Trace:
#0 E:\Wamp\www\dhi\www\www\index.php(114): Dispatcher->dispatch(Object(CakeRequest), Object(CakeResponse))
#1 {main}
2013-12-04 22:31:24 Error: [MissingControllerException] Controller class Controller could not be found.
Exception Attributes: array (
  'class' => 'Controller',
  'plugin' => NULL,
)
Request URL: /dhi/www/www/img/closelabel.gif
Stack Trace:
#0 E:\Wamp\www\dhi\www\www\index.php(114): Dispatcher->dispatch(Object(CakeRequest), Object(CakeResponse))
#1 {main}
2013-12-04 22:31:26 Error: [MissingControllerException] Controller class Controller could not be found.
Exception Attributes: array (
  'class' => 'Controller',
  'plugin' => NULL,
)
Request URL: /dhi/www/www/img/closelabel.gif
Stack Trace:
#0 E:\Wamp\www\dhi\www\www\index.php(114): Dispatcher->dispatch(Object(CakeRequest), Object(CakeResponse))
#1 {main}
2013-12-04 22:35:55 Error: [MissingControllerException] Controller class Controller could not be found.
Exception Attributes: array (
  'class' => 'Controller',
  'plugin' => NULL,
)
Request URL: /dhi/www/www/img/closelabel.gif
Stack Trace:
#0 E:\Wamp\www\dhi\www\www\index.php(114): Dispatcher->dispatch(Object(CakeRequest), Object(CakeResponse))
#1 {main}
2013-12-04 22:36:42 Error: [MissingControllerException] Controller class Controller could not be found.
Exception Attributes: array (
  'class' => 'Controller',
  'plugin' => NULL,
)
Request URL: /dhi/www/www/img/closelabel.gif
Stack Trace:
#0 E:\Wamp\www\dhi\www\www\index.php(114): Dispatcher->dispatch(Object(CakeRequest), Object(CakeResponse))
#1 {main}
2013-12-04 22:38:05 Error: [MissingControllerException] Controller class Controller could not be found.
Exception Attributes: array (
  'class' => 'Controller',
  'plugin' => NULL,
)
Request URL: /dhi/www/www/img/closelabel.gif
Stack Trace:
#0 E:\Wamp\www\dhi\www\www\index.php(114): Dispatcher->dispatch(Object(CakeRequest), Object(CakeResponse))
#1 {main}
2013-12-04 22:38:15 Error: [MissingControllerException] Controller class Controller could not be found.
Exception Attributes: array (
  'class' => 'Controller',
  'plugin' => NULL,
)
Request URL: /dhi/www/www/img/closelabel.gif
Stack Trace:
#0 E:\Wamp\www\dhi\www\www\index.php(114): Dispatcher->dispatch(Object(CakeRequest), Object(CakeResponse))
#1 {main}
2013-12-04 22:58:38 Error: [MissingControllerException] Controller class Controller could not be found.
Exception Attributes: array (
  'class' => 'Controller',
  'plugin' => NULL,
)
Request URL: /dhi/www/www/img/closelabel.gif
Stack Trace:
#0 E:\Wamp\www\dhi\www\www\index.php(114): Dispatcher->dispatch(Object(CakeRequest), Object(CakeResponse))
#1 {main}
2013-12-04 23:06:20 Error: [MissingComponentException] Component class UploaderComponent could not be found.
Exception Attributes: array (
  'class' => 'UploaderComponent',
  'plugin' => 'Uploader',
)
Request URL: /dhi/www/www/admin/modules/index
Stack Trace:
#0 E:\Wamp\www\dhi\www\db\lib\Cake\Controller\ComponentCollection.php(53): ComponentCollection->load('Uploader.Upload...', Array)
#1 E:\Wamp\www\dhi\www\db\lib\Cake\Controller\Controller.php(643): ComponentCollection->init(Object(ModulesController))
#2 E:\Wamp\www\dhi\www\db\lib\Cake\Routing\Dispatcher.php(181): Controller->constructClasses()
#3 E:\Wamp\www\dhi\www\db\lib\Cake\Routing\Dispatcher.php(160): Dispatcher->_invoke(Object(ModulesController), Object(CakeRequest), Object(CakeResponse))
#4 E:\Wamp\www\dhi\www\www\index.php(114): Dispatcher->dispatch(Object(CakeRequest), Object(CakeResponse))
#5 {main}
2013-12-04 23:06:20 Error: [MissingControllerException] Controller class Controller could not be found.
Exception Attributes: array (
  'class' => 'Controller',
  'plugin' => NULL,
)
Request URL: /dhi/www/www/img/closelabel.gif
Stack Trace:
#0 E:\Wamp\www\dhi\www\www\index.php(114): Dispatcher->dispatch(Object(CakeRequest), Object(CakeResponse))
#1 {main}
2013-12-04 23:06:23 Error: [MissingControllerException] Controller class Controller could not be found.
Exception Attributes: array (
  'class' => 'Controller',
  'plugin' => NULL,
)
Request URL: /dhi/www/www/img/closelabel.gif
Stack Trace:
#0 E:\Wamp\www\dhi\www\www\index.php(114): Dispatcher->dispatch(Object(CakeRequest), Object(CakeResponse))
#1 {main}
2013-12-04 23:07:55 Error: [MissingControllerException] Controller class Controller could not be found.
Exception Attributes: array (
  'class' => 'Controller',
  'plugin' => NULL,
)
Request URL: /dhi/www/www/img/closelabel.gif
Stack Trace:
#0 E:\Wamp\www\dhi\www\www\index.php(114): Dispatcher->dispatch(Object(CakeRequest), Object(CakeResponse))
#1 {main}
2013-12-04 23:08:25 Error: [MissingControllerException] Controller class Controller could not be found.
Exception Attributes: array (
  'class' => 'Controller',
  'plugin' => NULL,
)
Request URL: /dhi/www/www/img/closelabel.gif
Stack Trace:
#0 E:\Wamp\www\dhi\www\www\index.php(114): Dispatcher->dispatch(Object(CakeRequest), Object(CakeResponse))
#1 {main}
2013-12-04 23:09:15 Error: [MissingControllerException] Controller class Controller could not be found.
Exception Attributes: array (
  'class' => 'Controller',
  'plugin' => NULL,
)
Request URL: /dhi/www/www/img/closelabel.gif
Stack Trace:
#0 E:\Wamp\www\dhi\www\www\index.php(114): Dispatcher->dispatch(Object(CakeRequest), Object(CakeResponse))
#1 {main}
2013-12-04 23:14:29 Error: [MissingControllerException] Controller class Controller could not be found.
Exception Attributes: array (
  'class' => 'Controller',
  'plugin' => NULL,
)
Request URL: /dhi/www/www/img/closelabel.gif
Stack Trace:
#0 E:\Wamp\www\dhi\www\www\index.php(114): Dispatcher->dispatch(Object(CakeRequest), Object(CakeResponse))
#1 {main}
2013-12-04 23:14:29 Error: [MissingControllerException] Controller class Controller could not be found.
Exception Attributes: array (
  'class' => 'Controller',
  'plugin' => NULL,
)
Request URL: /dhi/www/www/img/closelabel.gif
Stack Trace:
#0 E:\Wamp\www\dhi\www\www\index.php(114): Dispatcher->dispatch(Object(CakeRequest), Object(CakeResponse))
#1 {main}
2013-12-04 23:14:30 Error: [MissingControllerException] Controller class Controller could not be found.
Exception Attributes: array (
  'class' => 'Controller',
  'plugin' => NULL,
)
Request URL: /dhi/www/www/img/closelabel.gif
Stack Trace:
#0 E:\Wamp\www\dhi\www\www\index.php(114): Dispatcher->dispatch(Object(CakeRequest), Object(CakeResponse))
#1 {main}
2013-12-04 23:14:32 Error: [MissingControllerException] Controller class Controller could not be found.
Exception Attributes: array (
  'class' => 'Controller',
  'plugin' => NULL,
)
Request URL: /dhi/www/www/img/closelabel.gif
Stack Trace:
#0 E:\Wamp\www\dhi\www\www\index.php(114): Dispatcher->dispatch(Object(CakeRequest), Object(CakeResponse))
#1 {main}
2013-12-04 23:14:35 Error: [MissingControllerException] Controller class Controller could not be found.
Exception Attributes: array (
  'class' => 'Controller',
  'plugin' => NULL,
)
Request URL: /dhi/www/www/img/closelabel.gif
Stack Trace:
#0 E:\Wamp\www\dhi\www\www\index.php(114): Dispatcher->dispatch(Object(CakeRequest), Object(CakeResponse))
#1 {main}
2013-12-04 23:15:31 Error: [MissingControllerException] Controller class Controller could not be found.
Exception Attributes: array (
  'class' => 'Controller',
  'plugin' => NULL,
)
Request URL: /dhi/www/www/img/closelabel.gif
Stack Trace:
#0 E:\Wamp\www\dhi\www\www\index.php(114): Dispatcher->dispatch(Object(CakeRequest), Object(CakeResponse))
#1 {main}
2013-12-04 23:15:37 Error: [MissingControllerException] Controller class Controller could not be found.
Exception Attributes: array (
  'class' => 'Controller',
  'plugin' => NULL,
)
Request URL: /dhi/www/www/img/closelabel.gif
Stack Trace:
#0 E:\Wamp\www\dhi\www\www\index.php(114): Dispatcher->dispatch(Object(CakeRequest), Object(CakeResponse))
#1 {main}
2013-12-04 23:15:38 Error: [MissingControllerException] Controller class Controller could not be found.
Exception Attributes: array (
  'class' => 'Controller',
  'plugin' => NULL,
)
Request URL: /dhi/www/www/img/closelabel.gif
Stack Trace:
#0 E:\Wamp\www\dhi\www\www\index.php(114): Dispatcher->dispatch(Object(CakeRequest), Object(CakeResponse))
#1 {main}
2013-12-04 23:15:39 Error: [MissingControllerException] Controller class Controller could not be found.
Exception Attributes: array (
  'class' => 'Controller',
  'plugin' => NULL,
)
Request URL: /dhi/www/www/img/closelabel.gif
Stack Trace:
#0 E:\Wamp\www\dhi\www\www\index.php(114): Dispatcher->dispatch(Object(CakeRequest), Object(CakeResponse))
#1 {main}
2013-12-04 23:15:41 Error: [MissingControllerException] Controller class Controller could not be found.
Exception Attributes: array (
  'class' => 'Controller',
  'plugin' => NULL,
)
Request URL: /dhi/www/www/img/closelabel.gif
Stack Trace:
#0 E:\Wamp\www\dhi\www\www\index.php(114): Dispatcher->dispatch(Object(CakeRequest), Object(CakeResponse))
#1 {main}
2013-12-04 23:15:42 Error: [MissingControllerException] Controller class Controller could not be found.
Exception Attributes: array (
  'class' => 'Controller',
  'plugin' => NULL,
)
Request URL: /dhi/www/www/img/closelabel.gif
Stack Trace:
#0 E:\Wamp\www\dhi\www\www\index.php(114): Dispatcher->dispatch(Object(CakeRequest), Object(CakeResponse))
#1 {main}
2013-12-04 23:15:43 Error: [MissingControllerException] Controller class Controller could not be found.
Exception Attributes: array (
  'class' => 'Controller',
  'plugin' => NULL,
)
Request URL: /dhi/www/www/img/closelabel.gif
Stack Trace:
#0 E:\Wamp\www\dhi\www\www\index.php(114): Dispatcher->dispatch(Object(CakeRequest), Object(CakeResponse))
#1 {main}
2013-12-04 23:15:44 Error: [MissingControllerException] Controller class Controller could not be found.
Exception Attributes: array (
  'class' => 'Controller',
  'plugin' => NULL,
)
Request URL: /dhi/www/www/img/closelabel.gif
Stack Trace:
#0 E:\Wamp\www\dhi\www\www\index.php(114): Dispatcher->dispatch(Object(CakeRequest), Object(CakeResponse))
#1 {main}
2013-12-04 23:15:45 Error: [MissingControllerException] Controller class Controller could not be found.
Exception Attributes: array (
  'class' => 'Controller',
  'plugin' => NULL,
)
Request URL: /dhi/www/www/img/closelabel.gif
Stack Trace:
#0 E:\Wamp\www\dhi\www\www\index.php(114): Dispatcher->dispatch(Object(CakeRequest), Object(CakeResponse))
#1 {main}
2013-12-04 23:15:46 Error: [MissingControllerException] Controller class Controller could not be found.
Exception Attributes: array (
  'class' => 'Controller',
  'plugin' => NULL,
)
Request URL: /dhi/www/www/img/closelabel.gif
Stack Trace:
#0 E:\Wamp\www\dhi\www\www\index.php(114): Dispatcher->dispatch(Object(CakeRequest), Object(CakeResponse))
#1 {main}
2013-12-04 23:15:46 Error: [MissingControllerException] Controller class Controller could not be found.
Exception Attributes: array (
  'class' => 'Controller',
  'plugin' => NULL,
)
Request URL: /dhi/www/www/img/closelabel.gif
Stack Trace:
#0 E:\Wamp\www\dhi\www\www\index.php(114): Dispatcher->dispatch(Object(CakeRequest), Object(CakeResponse))
#1 {main}
2013-12-04 23:15:48 Error: [MissingControllerException] Controller class Controller could not be found.
Exception Attributes: array (
  'class' => 'Controller',
  'plugin' => NULL,
)
Request URL: /dhi/www/www/img/closelabel.gif
Stack Trace:
#0 E:\Wamp\www\dhi\www\www\index.php(114): Dispatcher->dispatch(Object(CakeRequest), Object(CakeResponse))
#1 {main}
2013-12-04 23:15:49 Error: [MissingControllerException] Controller class Controller could not be found.
Exception Attributes: array (
  'class' => 'Controller',
  'plugin' => NULL,
)
Request URL: /dhi/www/www/img/closelabel.gif
Stack Trace:
#0 E:\Wamp\www\dhi\www\www\index.php(114): Dispatcher->dispatch(Object(CakeRequest), Object(CakeResponse))
#1 {main}
2013-12-04 23:15:50 Error: [MissingControllerException] Controller class Controller could not be found.
Exception Attributes: array (
  'class' => 'Controller',
  'plugin' => NULL,
)
Request URL: /dhi/www/www/img/closelabel.gif
Stack Trace:
#0 E:\Wamp\www\dhi\www\www\index.php(114): Dispatcher->dispatch(Object(CakeRequest), Object(CakeResponse))
#1 {main}
2013-12-04 23:15:51 Error: [MissingControllerException] Controller class Controller could not be found.
Exception Attributes: array (
  'class' => 'Controller',
  'plugin' => NULL,
)
Request URL: /dhi/www/www/img/closelabel.gif
Stack Trace:
#0 E:\Wamp\www\dhi\www\www\index.php(114): Dispatcher->dispatch(Object(CakeRequest), Object(CakeResponse))
#1 {main}
2013-12-04 23:15:54 Error: [MissingControllerException] Controller class Controller could not be found.
Exception Attributes: array (
  'class' => 'Controller',
  'plugin' => NULL,
)
Request URL: /dhi/www/www/img/closelabel.gif
Stack Trace:
#0 E:\Wamp\www\dhi\www\www\index.php(114): Dispatcher->dispatch(Object(CakeRequest), Object(CakeResponse))
#1 {main}
2013-12-04 23:15:57 Error: [MissingControllerException] Controller class Controller could not be found.
Exception Attributes: array (
  'class' => 'Controller',
  'plugin' => NULL,
)
Request URL: /dhi/www/www/img/closelabel.gif
Stack Trace:
#0 E:\Wamp\www\dhi\www\www\index.php(114): Dispatcher->dispatch(Object(CakeRequest), Object(CakeResponse))
#1 {main}
2013-12-04 23:15:58 Error: [MissingControllerException] Controller class Controller could not be found.
Exception Attributes: array (
  'class' => 'Controller',
  'plugin' => NULL,
)
Request URL: /dhi/www/www/img/closelabel.gif
Stack Trace:
#0 E:\Wamp\www\dhi\www\www\index.php(114): Dispatcher->dispatch(Object(CakeRequest), Object(CakeResponse))
#1 {main}
2013-12-04 23:19:33 Error: [MissingControllerException] Controller class Controller could not be found.
Exception Attributes: array (
  'class' => 'Controller',
  'plugin' => NULL,
)
Request URL: /dhi/www/www/img/closelabel.gif
Stack Trace:
#0 E:\Wamp\www\dhi\www\www\index.php(114): Dispatcher->dispatch(Object(CakeRequest), Object(CakeResponse))
#1 {main}
2013-12-04 23:19:35 Error: [MissingControllerException] Controller class Controller could not be found.
Exception Attributes: array (
  'class' => 'Controller',
  'plugin' => NULL,
)
Request URL: /dhi/www/www/img/closelabel.gif
Stack Trace:
#0 E:\Wamp\www\dhi\www\www\index.php(114): Dispatcher->dispatch(Object(CakeRequest), Object(CakeResponse))
#1 {main}
2013-12-04 23:19:41 Error: [MissingControllerException] Controller class Controller could not be found.
Exception Attributes: array (
  'class' => 'Controller',
  'plugin' => NULL,
)
Request URL: /dhi/www/www/img/closelabel.gif
Stack Trace:
#0 E:\Wamp\www\dhi\www\www\index.php(114): Dispatcher->dispatch(Object(CakeRequest), Object(CakeResponse))
#1 {main}
2013-12-04 23:19:42 Error: [MissingControllerException] Controller class Controller could not be found.
Exception Attributes: array (
  'class' => 'Controller',
  'plugin' => NULL,
)
Request URL: /dhi/www/www/img/closelabel.gif
Stack Trace:
#0 E:\Wamp\www\dhi\www\www\index.php(114): Dispatcher->dispatch(Object(CakeRequest), Object(CakeResponse))
#1 {main}
2013-12-04 23:19:44 Error: [MissingControllerException] Controller class Controller could not be found.
Exception Attributes: array (
  'class' => 'Controller',
  'plugin' => NULL,
)
Request URL: /dhi/www/www/img/closelabel.gif
Stack Trace:
#0 E:\Wamp\www\dhi\www\www\index.php(114): Dispatcher->dispatch(Object(CakeRequest), Object(CakeResponse))
#1 {main}
2013-12-04 23:19:46 Error: [MissingControllerException] Controller class Controller could not be found.
Exception Attributes: array (
  'class' => 'Controller',
  'plugin' => NULL,
)
Request URL: /dhi/www/www/img/closelabel.gif
Stack Trace:
#0 E:\Wamp\www\dhi\www\www\index.php(114): Dispatcher->dispatch(Object(CakeRequest), Object(CakeResponse))
#1 {main}
2013-12-04 23:19:47 Error: [MissingControllerException] Controller class Controller could not be found.
Exception Attributes: array (
  'class' => 'Controller',
  'plugin' => NULL,
)
Request URL: /dhi/www/www/img/closelabel.gif
Stack Trace:
#0 E:\Wamp\www\dhi\www\www\index.php(114): Dispatcher->dispatch(Object(CakeRequest), Object(CakeResponse))
#1 {main}
2013-12-04 23:20:55 Error: [MissingControllerException] Controller class Controller could not be found.
Exception Attributes: array (
  'class' => 'Controller',
  'plugin' => NULL,
)
Request URL: /dhi/www/www/img/closelabel.gif
Stack Trace:
#0 E:\Wamp\www\dhi\www\www\index.php(114): Dispatcher->dispatch(Object(CakeRequest), Object(CakeResponse))
#1 {main}
2013-12-04 23:21:20 Error: [MissingControllerException] Controller class Controller could not be found.
Exception Attributes: array (
  'class' => 'Controller',
  'plugin' => NULL,
)
Request URL: /dhi/www/www/img/closelabel.gif
Stack Trace:
#0 E:\Wamp\www\dhi\www\www\index.php(114): Dispatcher->dispatch(Object(CakeRequest), Object(CakeResponse))
#1 {main}
2013-12-04 23:21:27 Error: [MissingControllerException] Controller class Controller could not be found.
Exception Attributes: array (
  'class' => 'Controller',
  'plugin' => NULL,
)
Request URL: /dhi/www/www/img/closelabel.gif
Stack Trace:
#0 E:\Wamp\www\dhi\www\www\index.php(114): Dispatcher->dispatch(Object(CakeRequest), Object(CakeResponse))
#1 {main}
2013-12-04 23:21:36 Error: [MissingControllerException] Controller class Controller could not be found.
Exception Attributes: array (
  'class' => 'Controller',
  'plugin' => NULL,
)
Request URL: /dhi/www/www/img/closelabel.gif
Stack Trace:
#0 E:\Wamp\www\dhi\www\www\index.php(114): Dispatcher->dispatch(Object(CakeRequest), Object(CakeResponse))
#1 {main}
2013-12-04 23:21:45 Error: [MissingControllerException] Controller class Controller could not be found.
Exception Attributes: array (
  'class' => 'Controller',
  'plugin' => NULL,
)
Request URL: /dhi/www/www/img/closelabel.gif
Stack Trace:
#0 E:\Wamp\www\dhi\www\www\index.php(114): Dispatcher->dispatch(Object(CakeRequest), Object(CakeResponse))
#1 {main}
2013-12-04 23:21:48 Error: [MissingComponentException] Component class UploaderComponent could not be found.
Exception Attributes: array (
  'class' => 'UploaderComponent',
  'plugin' => 'Uploader',
)
Request URL: /dhi/www/www/admin/images/index/post/20
Stack Trace:
#0 E:\Wamp\www\dhi\www\db\lib\Cake\Controller\ComponentCollection.php(53): ComponentCollection->load('Uploader.Upload...', Array)
#1 E:\Wamp\www\dhi\www\db\lib\Cake\Controller\Controller.php(643): ComponentCollection->init(Object(ImagesController))
#2 E:\Wamp\www\dhi\www\db\lib\Cake\Routing\Dispatcher.php(181): Controller->constructClasses()
#3 E:\Wamp\www\dhi\www\db\lib\Cake\Routing\Dispatcher.php(160): Dispatcher->_invoke(Object(ImagesController), Object(CakeRequest), Object(CakeResponse))
#4 E:\Wamp\www\dhi\www\www\index.php(114): Dispatcher->dispatch(Object(CakeRequest), Object(CakeResponse))
#5 {main}
2013-12-04 23:21:48 Error: [MissingControllerException] Controller class Controller could not be found.
Exception Attributes: array (
  'class' => 'Controller',
  'plugin' => NULL,
)
Request URL: /dhi/www/www/img/closelabel.gif
Stack Trace:
#0 E:\Wamp\www\dhi\www\www\index.php(114): Dispatcher->dispatch(Object(CakeRequest), Object(CakeResponse))
#1 {main}
2013-12-04 23:30:57 Error: [MissingTableException] Table post_categories for model PostCategory was not found in datasource default.
Exception Attributes: array (
  'table' => 'post_categories',
  'class' => 'PostCategory',
  'ds' => 'default',
)
Request URL: /dhi/www/www/admin/images/index/post/20
Stack Trace:
#0 E:\Wamp\www\dhi\www\db\lib\Cake\Model\Model.php(3493): Model->setSource('post_categories')
#1 E:\Wamp\www\dhi\www\db\lib\Cake\Model\Datasource\DboSource.php(1062): Model->getDataSource()
#2 E:\Wamp\www\dhi\www\db\lib\Cake\Model\Model.php(2897): DboSource->read(Object(Image), Array)
#3 E:\Wamp\www\dhi\www\db\lib\Cake\Model\Model.php(2869): Model->_readDataSource('all', Array)
#4 E:\Wamp\www\dhi\www\db\index-app\Plugin\Admin\Controller\ImagesController.php(46): Model->find('all', Array)
#5 [internal function]: ImagesController->index('post', '20')
#6 E:\Wamp\www\dhi\www\db\lib\Cake\Controller\Controller.php(490): ReflectionMethod->invokeArgs(Object(ImagesController), Array)
#7 E:\Wamp\www\dhi\www\db\lib\Cake\Routing\Dispatcher.php(185): Controller->invokeAction(Object(CakeRequest))
#8 E:\Wamp\www\dhi\www\db\lib\Cake\Routing\Dispatcher.php(160): Dispatcher->_invoke(Object(ImagesController), Object(CakeRequest), Object(CakeResponse))
#9 E:\Wamp\www\dhi\www\www\index.php(114): Dispatcher->dispatch(Object(CakeRequest), Object(CakeResponse))
#10 {main}
2013-12-04 23:30:58 Error: [MissingControllerException] Controller class Controller could not be found.
Exception Attributes: array (
  'class' => 'Controller',
  'plugin' => NULL,
)
Request URL: /dhi/www/www/img/closelabel.gif
Stack Trace:
#0 E:\Wamp\www\dhi\www\www\index.php(114): Dispatcher->dispatch(Object(CakeRequest), Object(CakeResponse))
#1 {main}
2013-12-04 23:31:27 Error: [MissingTableException] Table post_categories for model PostCategory was not found in datasource default.
Exception Attributes: array (
  'table' => 'post_categories',
  'class' => 'PostCategory',
  'ds' => 'default',
)
Request URL: /dhi/www/www/admin/images/index/post/20
Stack Trace:
#0 E:\Wamp\www\dhi\www\db\lib\Cake\Model\Model.php(3493): Model->setSource('post_categories')
#1 E:\Wamp\www\dhi\www\db\lib\Cake\Model\Datasource\DboSource.php(1062): Model->getDataSource()
#2 E:\Wamp\www\dhi\www\db\lib\Cake\Model\Model.php(2897): DboSource->read(Object(Image), Array)
#3 E:\Wamp\www\dhi\www\db\lib\Cake\Model\Model.php(2869): Model->_readDataSource('all', Array)
#4 E:\Wamp\www\dhi\www\db\index-app\Plugin\Admin\Controller\ImagesController.php(46): Model->find('all', Array)
#5 [internal function]: ImagesController->index('post', '20')
#6 E:\Wamp\www\dhi\www\db\lib\Cake\Controller\Controller.php(490): ReflectionMethod->invokeArgs(Object(ImagesController), Array)
#7 E:\Wamp\www\dhi\www\db\lib\Cake\Routing\Dispatcher.php(185): Controller->invokeAction(Object(CakeRequest))
#8 E:\Wamp\www\dhi\www\db\lib\Cake\Routing\Dispatcher.php(160): Dispatcher->_invoke(Object(ImagesController), Object(CakeRequest), Object(CakeResponse))
#9 E:\Wamp\www\dhi\www\www\index.php(114): Dispatcher->dispatch(Object(CakeRequest), Object(CakeResponse))
#10 {main}
2013-12-04 23:31:27 Error: [MissingControllerException] Controller class Controller could not be found.
Exception Attributes: array (
  'class' => 'Controller',
  'plugin' => NULL,
)
Request URL: /dhi/www/www/img/closelabel.gif
Stack Trace:
#0 E:\Wamp\www\dhi\www\www\index.php(114): Dispatcher->dispatch(Object(CakeRequest), Object(CakeResponse))
#1 {main}
2013-12-04 23:31:54 Error: [MissingControllerException] Controller class Controller could not be found.
Exception Attributes: array (
  'class' => 'Controller',
  'plugin' => NULL,
)
Request URL: /dhi/www/www/img/closelabel.gif
Stack Trace:
#0 E:\Wamp\www\dhi\www\www\index.php(114): Dispatcher->dispatch(Object(CakeRequest), Object(CakeResponse))
#1 {main}
2013-12-04 23:32:44 Error: [MissingControllerException] Controller class Controller could not be found.
Exception Attributes: array (
  'class' => 'Controller',
  'plugin' => NULL,
)
Request URL: /dhi/www/www/img/closelabel.gif
Stack Trace:
#0 E:\Wamp\www\dhi\www\www\index.php(114): Dispatcher->dispatch(Object(CakeRequest), Object(CakeResponse))
#1 {main}
2013-12-04 23:33:47 Error: [MissingControllerException] Controller class Controller could not be found.
Exception Attributes: array (
  'class' => 'Controller',
  'plugin' => NULL,
)
Request URL: /dhi/www/www/img/closelabel.gif
Stack Trace:
#0 E:\Wamp\www\dhi\www\www\index.php(114): Dispatcher->dispatch(Object(CakeRequest), Object(CakeResponse))
#1 {main}
2013-12-04 23:35:26 Error: [MissingControllerException] Controller class JsController could not be found.
Exception Attributes: array (
  'class' => 'JsController',
  'plugin' => NULL,
)
Request URL: /dhi/www/www/js/ui/jquery.ui.core.min.js
Stack Trace:
#0 E:\Wamp\www\dhi\www\www\index.php(114): Dispatcher->dispatch(Object(CakeRequest), Object(CakeResponse))
#1 {main}
2013-12-04 23:35:26 Error: [MissingControllerException] Controller class JsController could not be found.
Exception Attributes: array (
  'class' => 'JsController',
  'plugin' => NULL,
)
Request URL: /dhi/www/www/js/ui/jquery.ui.mouse.min.js
Stack Trace:
#0 E:\Wamp\www\dhi\www\www\index.php(114): Dispatcher->dispatch(Object(CakeRequest), Object(CakeResponse))
#1 {main}
2013-12-04 23:35:26 Error: [MissingControllerException] Controller class JsController could not be found.
Exception Attributes: array (
  'class' => 'JsController',
  'plugin' => NULL,
)
Request URL: /dhi/www/www/js/ui/jquery.ui.dialog.min.js
Stack Trace:
#0 E:\Wamp\www\dhi\www\www\index.php(114): Dispatcher->dispatch(Object(CakeRequest), Object(CakeResponse))
#1 {main}
2013-12-04 23:35:26 Error: [MissingControllerException] Controller class JsController could not be found.
Exception Attributes: array (
  'class' => 'JsController',
  'plugin' => NULL,
)
Request URL: /dhi/www/www/js/ui/jquery.ui.widget.min.js
Stack Trace:
#0 E:\Wamp\www\dhi\www\www\index.php(114): Dispatcher->dispatch(Object(CakeRequest), Object(CakeResponse))
#1 {main}
2013-12-04 23:35:26 Error: [MissingControllerException] Controller class JsController could not be found.
Exception Attributes: array (
  'class' => 'JsController',
  'plugin' => NULL,
)
Request URL: /dhi/www/www/js/ui/jquery.ui.position.min.js
Stack Trace:
#0 E:\Wamp\www\dhi\www\www\index.php(114): Dispatcher->dispatch(Object(CakeRequest), Object(CakeResponse))
#1 {main}
2013-12-04 23:35:26 Error: [MissingControllerException] Controller class JsController could not be found.
Exception Attributes: array (
  'class' => 'JsController',
  'plugin' => NULL,
)
Request URL: /dhi/www/www/js/ui/jquery.ui.resizable.min.js
Stack Trace:
#0 E:\Wamp\www\dhi\www\www\index.php(114): Dispatcher->dispatch(Object(CakeRequest), Object(CakeResponse))
#1 {main}
2013-12-04 23:35:26 Error: [MissingControllerException] Controller class JsController could not be found.
Exception Attributes: array (
  'class' => 'JsController',
  'plugin' => NULL,
)
Request URL: /dhi/www/www/js/ui/jquery.ui.draggable.min.js
Stack Trace:
#0 E:\Wamp\www\dhi\www\www\index.php(114): Dispatcher->dispatch(Object(CakeRequest), Object(CakeResponse))
#1 {main}
2013-12-04 23:35:26 Error: [MissingControllerException] Controller class Controller could not be found.
Exception Attributes: array (
  'class' => 'Controller',
  'plugin' => NULL,
)
Request URL: /dhi/www/www/img/closelabel.gif
Stack Trace:
#0 E:\Wamp\www\dhi\www\www\index.php(114): Dispatcher->dispatch(Object(CakeRequest), Object(CakeResponse))
#1 {main}
2013-12-04 23:35:30 Error: [MissingControllerException] Controller class JsController could not be found.
Exception Attributes: array (
  'class' => 'JsController',
  'plugin' => NULL,
)
Request URL: /dhi/www/www/js/ui/jquery.ui.widget.min.js
Stack Trace:
#0 E:\Wamp\www\dhi\www\www\index.php(114): Dispatcher->dispatch(Object(CakeRequest), Object(CakeResponse))
#1 {main}
2013-12-04 23:35:30 Error: [MissingControllerException] Controller class JsController could not be found.
Exception Attributes: array (
  'class' => 'JsController',
  'plugin' => NULL,
)
Request URL: /dhi/www/www/js/ui/jquery.ui.position.min.js
Stack Trace:
#0 E:\Wamp\www\dhi\www\www\index.php(114): Dispatcher->dispatch(Object(CakeRequest), Object(CakeResponse))
#1 {main}
2013-12-04 23:35:30 Error: [MissingControllerException] Controller class JsController could not be found.
Exception Attributes: array (
  'class' => 'JsController',
  'plugin' => NULL,
)
Request URL: /dhi/www/www/js/ui/jquery.ui.mouse.min.js
Stack Trace:
#0 E:\Wamp\www\dhi\www\www\index.php(114): Dispatcher->dispatch(Object(CakeRequest), Object(CakeResponse))
#1 {main}
2013-12-04 23:35:30 Error: [MissingControllerException] Controller class JsController could not be found.
Exception Attributes: array (
  'class' => 'JsController',
  'plugin' => NULL,
)
Request URL: /dhi/www/www/js/ui/jquery.ui.resizable.min.js
Stack Trace:
#0 E:\Wamp\www\dhi\www\www\index.php(114): Dispatcher->dispatch(Object(CakeRequest), Object(CakeResponse))
#1 {main}
2013-12-04 23:35:30 Error: [MissingControllerException] Controller class JsController could not be found.
Exception Attributes: array (
  'class' => 'JsController',
  'plugin' => NULL,
)
Request URL: /dhi/www/www/js/ui/jquery.ui.dialog.min.js
Stack Trace:
#0 E:\Wamp\www\dhi\www\www\index.php(114): Dispatcher->dispatch(Object(CakeRequest), Object(CakeResponse))
#1 {main}
2013-12-04 23:35:30 Error: [MissingControllerException] Controller class JsController could not be found.
Exception Attributes: array (
  'class' => 'JsController',
  'plugin' => NULL,
)
Request URL: /dhi/www/www/js/ui/jquery.ui.core.min.js
Stack Trace:
#0 E:\Wamp\www\dhi\www\www\index.php(114): Dispatcher->dispatch(Object(CakeRequest), Object(CakeResponse))
#1 {main}
2013-12-04 23:35:30 Error: [MissingControllerException] Controller class JsController could not be found.
Exception Attributes: array (
  'class' => 'JsController',
  'plugin' => NULL,
)
Request URL: /dhi/www/www/js/ui/jquery.ui.draggable.min.js
Stack Trace:
#0 E:\Wamp\www\dhi\www\www\index.php(114): Dispatcher->dispatch(Object(CakeRequest), Object(CakeResponse))
#1 {main}
2013-12-04 23:35:30 Error: [MissingControllerException] Controller class Controller could not be found.
Exception Attributes: array (
  'class' => 'Controller',
  'plugin' => NULL,
)
Request URL: /dhi/www/www/img/closelabel.gif
Stack Trace:
#0 E:\Wamp\www\dhi\www\www\index.php(114): Dispatcher->dispatch(Object(CakeRequest), Object(CakeResponse))
#1 {main}
2013-12-04 23:36:02 Error: [MissingControllerException] Controller class Controller could not be found.
Exception Attributes: array (
  'class' => 'Controller',
  'plugin' => NULL,
)
Request URL: /dhi/www/www/img/closelabel.gif
Stack Trace:
#0 E:\Wamp\www\dhi\www\www\index.php(114): Dispatcher->dispatch(Object(CakeRequest), Object(CakeResponse))
#1 {main}
2013-12-04 23:36:04 Error: [MissingControllerException] Controller class Controller could not be found.
Exception Attributes: array (
  'class' => 'Controller',
  'plugin' => NULL,
)
Request URL: /dhi/www/www/img/closelabel.gif
Stack Trace:
#0 E:\Wamp\www\dhi\www\www\index.php(114): Dispatcher->dispatch(Object(CakeRequest), Object(CakeResponse))
#1 {main}
2013-12-04 23:36:05 Error: [MissingControllerException] Controller class Controller could not be found.
Exception Attributes: array (
  'class' => 'Controller',
  'plugin' => NULL,
)
Request URL: /dhi/www/www/img/closelabel.gif
Stack Trace:
#0 E:\Wamp\www\dhi\www\www\index.php(114): Dispatcher->dispatch(Object(CakeRequest), Object(CakeResponse))
#1 {main}
2013-12-04 23:36:07 Error: [MissingControllerException] Controller class Controller could not be found.
Exception Attributes: array (
  'class' => 'Controller',
  'plugin' => NULL,
)
Request URL: /dhi/www/www/img/closelabel.gif
Stack Trace:
#0 E:\Wamp\www\dhi\www\www\index.php(114): Dispatcher->dispatch(Object(CakeRequest), Object(CakeResponse))
#1 {main}
2013-12-04 23:36:11 Error: [MissingControllerException] Controller class Controller could not be found.
Exception Attributes: array (
  'class' => 'Controller',
  'plugin' => NULL,
)
Request URL: /dhi/www/www/img/closelabel.gif
Stack Trace:
#0 E:\Wamp\www\dhi\www\www\index.php(114): Dispatcher->dispatch(Object(CakeRequest), Object(CakeResponse))
#1 {main}
